"../../../Engine/Content/Functions/Engine_MaterialFunctions01/Opacity/CameraDepthFade.uasset" 0
"../../../Engine/Content/EngineMaterials/T_Default_Material_Grid_M.uasset" 1
"../../../Engine/Content/EngineMaterials/T_Default_Material_Grid_N.uasset" 2
"../../../Engine/Content/EngineMaterials/DefaultMaterial.uasset" 3
"../../../Engine/Content/BasicShapes/Cone.uasset" 4
"../../../Engine/Content/EngineMaterials/WorldGridMaterial.uasset" 5
"../../../Engine/Content/BasicShapes/Plane.uasset" 6
"../../../Engine/Content/EditorLandscapeResources/DataLayer.uasset" 7
"../../../Engine/Content/EditorMaterials/GizmoMaterial.uasset" 8
"../../../Engine/Content/EditorMaterials/MAT_Groups_Toggle.uasset" 9
"../../../Engine/Content/EditorMaterials/MAT_Groups_Visibility.uasset" 10
"../../../Engine/Content/EditorMaterials/PreviewShadowIndicator.uasset" 11
"../../../Engine/Content/EditorMaterials/PreviewShadowIndicatorMaterial.uasset" 12
"../../../Engine/Content/EditorMaterials/AssetViewer/EpicQuadPanorama_CC+EV1.uasset" 13
"../../../Engine/Content/EditorMaterials/MatineeGroups/MAT_ColorTrack.uasset" 14
"../../../Engine/Content/EditorMaterials/MatineeGroups/MAT_Groups_Anim.uasset" 15
"../../../Engine/Content/EditorMaterials/MatineeGroups/MAT_Groups_AudioMaster.uasset" 16
"../../../Engine/Content/EditorMaterials/MatineeGroups/MAT_Groups_Director.uasset" 17
"../../../Engine/Content/EditorMaterials/MatineeGroups/MAT_Groups_Event.uasset" 18
"../../../Engine/Content/EditorMaterials/MatineeGroups/MAT_Groups_Fade.uasset" 19
"../../../Engine/Content/EditorMaterials/MatineeGroups/MAT_Groups_Float.uasset" 20
"../../../Engine/Content/EditorMaterials/MatineeGroups/MAT_Groups_Move.uasset" 21
"../../../Engine/Content/EditorMaterials/MatineeGroups/MAT_Groups_Slomo.uasset" 22
"../../../Engine/Content/EditorMaterials/MatineeGroups/MAT_Groups_Sound.uasset" 23
"../../../Engine/Content/EditorMaterials/MatineeGroups/MAT_Groups_Vector.uasset" 24
"../../../Engine/Content/EditorMaterials/ParticleSystems/PSysThumbnail_NoImage.uasset" 25
"../../../Engine/Content/EditorMaterials/ParticleSystems/PSysThumbnail_OOD.uasset" 26
"../../../Engine/Content/EditorMaterials/Camera/CineMat.uasset" 27
"../../../Engine/Content/EditorMaterials/Camera/MI_CineMat_Rig.uasset" 28
"../../../Engine/Content/EditorMeshes/Camera/SM_CraneRig_Arm.uasset" 29
"../../../Engine/Content/EditorMeshes/Camera/SM_CraneRig_Base.uasset" 30
"../../../Engine/Content/EditorMeshes/Camera/SM_CraneRig_Body.uasset" 31
"../../../Engine/Content/EditorMeshes/Camera/SM_CraneRig_Mount.uasset" 32
"../../../Engine/Content/EditorMeshes/Camera/SM_RailRig_Mount.uasset" 33
"../../../Engine/Content/EditorMeshes/Camera/SM_RailRig_Track.uasset" 34
"../../../Engine/Content/EditorResources/BSPVertex.uasset" 35
"../../../Engine/Content/EditorResources/EmptyActor.uasset" 36
"../../../Engine/Content/EditorResources/RGBTable16x1_AssetViewer.uasset" 37
"../../../Engine/Content/EditorResources/S_Actor.uasset" 38
"../../../Engine/Content/EditorResources/S_Trigger.uasset" 39
"../../../Engine/Content/EditorResources/AudioIcons/S_AudioComponent.uasset" 40
"../../../Engine/Content/EditorResources/AudioIcons/S_AudioComponent_AutoActivate.uasset" 41
"../../../Engine/Content/EditorResources/LightIcons/S_LightError.uasset" 42
"../../../Engine/Content/EditorResources/SequenceRecorder/Countdown.uasset" 43
"../../../Engine/Content/EditorResources/SequenceRecorder/RecordingIndicator.uasset" 44
"../../../Engine/Content/EditorSounds/Notifications/CompileFailed.uasset" 45
"../../../Engine/Content/EditorSounds/Notifications/CompileFailed_Cue.uasset" 46
"../../../Engine/Content/EditorSounds/Notifications/CompileSuccess.uasset" 47
"../../../Engine/Content/EditorSounds/Notifications/CompileStart_Cue.uasset" 48
"../../../Engine/Content/EditorSounds/Notifications/CompileSuccess_Cue.uasset" 49
"../../../Engine/Content/EngineDamageTypes/DmgTypeBP_Environmental.uasset" 50
"../../../Engine/Content/EngineDebugMaterials/HeatmapGradient.uasset" 51
"../../../Engine/Content/EngineDebugMaterials/BoneWeightMaterial.uasset" 52
"../../../Engine/Content/EngineDebugMaterials/DebugMeshMaterial.uasset" 53
"../../../Engine/Content/EngineDebugMaterials/GeomMaterial.uasset" 54
"../../../Engine/Content/EngineFonts/Faces/RobotoBold.uasset" 55
"../../../Engine/Content/EngineFonts/Faces/RobotoBoldItalic.uasset" 56
"../../../Engine/Content/EngineFonts/Faces/RobotoItalic.uasset" 57
"../../../Engine/Content/EngineFonts/Faces/RobotoLight.uasset" 58
"../../../Engine/Content/EngineFonts/Faces/RobotoRegular.uasset" 59
"../../../Engine/Content/EngineFonts/Roboto.uasset" 60
"../../../Engine/Content/EngineFonts/Faces/RobotoTiny.uasset" 61
"../../../Engine/Content/EngineFonts/RobotoTiny.uasset" 62
"../../../Engine/Content/EngineMaterials/DefaultBokeh.uasset" 63
"../../../Engine/Content/EngineMaterials/DefaultDiffuse.uasset" 64
"../../../Engine/Content/EngineMaterials/DefaultDeferredDecalMaterial.uasset" 65
"../../../Engine/Content/EngineMaterials/DefaultLightFunctionMaterial.uasset" 66
"../../../Engine/Content/EngineMaterials/DefaultPhysicalMaterial.uasset" 67
"../../../Engine/Content/Functions/Engine_MaterialFunctions02/Utility/BreakOutFloat2Components.uasset" 68
"../../../Engine/Content/EngineMaterials/DefaultPostProcessMaterial.uasset" 69
"../../../Engine/Content/EngineFonts/RobotoDistanceField.uasset" 70
"../../../Engine/Content/EngineMaterials/DefaultTextMaterialOpaque.uasset" 71
"../../../Engine/Content/EngineMaterials/DefaultWhiteGrid.uasset" 72
"../../../Engine/Content/EngineMaterials/EditorBrushMaterial.uasset" 73
"../../../Engine/Content/EngineMaterials/MiniFont.uasset" 74
"../../../Engine/Content/EngineMaterials/InvalidLightmapSettings.uasset" 75
"../../../Engine/Content/EngineMaterials/M_InvalidLightmapSettings.uasset" 76
"../../../Engine/Content/EngineMaterials/PhAT_JointLimitMaterial.uasset" 77
"../../../Engine/Content/EngineMaterials/PreintegratedSkinBRDF.uasset" 78
"../../../Engine/Content/EngineMaterials/RemoveSurfaceMaterial.uasset" 79
"../../../Engine/Content/EngineMaterials/WeightMapPlaceholderTexture.uasset" 80
"../../../Engine/Content/EngineResources/WhiteSquareTexture.uasset" 81
"../../../Engine/Content/EngineMaterials/Widget3DPassThrough.uasset" 82
"../../../Engine/Content/EngineMaterials/Widget3DPassThrough_Masked.uasset" 83
"../../../Engine/Content/EngineMaterials/Widget3DPassThrough_Opaque.uasset" 84
"../../../Engine/Content/EngineMaterials/Widget3DPassThrough_Masked_OneSided.uasset" 85
"../../../Engine/Content/EngineMaterials/Widget3DPassThrough_Opaque_OneSided.uasset" 86
"../../../Engine/Content/EngineMaterials/Widget3DPassThrough_Translucent.uasset" 87
"../../../Engine/Content/EngineMaterials/Widget3DPassThrough_Translucent_OneSided.uasset" 88
"../../../Engine/Content/EngineMeshes/Cube.uasset" 89
"../../../Engine/Content/EngineMeshes/Cylinder.uasset" 90
"../../../Engine/Content/EngineMeshes/Sphere.uasset" 91
"../../../Engine/Content/EngineResources/Black.uasset" 92
"../../../Engine/Content/EngineResources/DefaultTexture.uasset" 93
"../../../Engine/Content/EngineResources/DefaultTextureCube.uasset" 94
"../../../Engine/Content/EngineResources/GradientTexture0.uasset" 95
"../../../Engine/Content/EngineSounds/Master.uasset" 96
"../../../Engine/Content/Functions/Engine_MaterialFunctions01/Shading/ConvertFromDiffSpec.uasset" 97
"../../../Engine/Content/Functions/Engine_MaterialFunctions01/Shading/PowerToRoughness.uasset" 98
"../../../Engine/Content/Maps/Templates/Thumbnails/Default.uasset" 99
"../../../Engine/Content/Maps/Templates/Thumbnails/VR-Basic.uasset" 100
"../../../Engine/Content/MobileResources/T_MobileControls_texture.uasset" 101
"../../../Engine/Content/MobileResources/T_MobileMenu2.uasset" 102
"../../../Engine/Content/MobileResources/HUD/AnalogHat.uasset" 103
"../../../Engine/Content/MobileResources/HUD/VirtualJoystick_Background.uasset" 104
"../../../Engine/Content/MobileResources/HUD/VirtualJoystick_Thumb.uasset" 105
"../../../Engine/Content/MobileResources/HUD/DefaultVirtualJoysticks.uasset" 106
"../../../Engine/Content/MobileResources/HUD/LeftVirtualJoystickOnly.uasset" 107
"../../../Engine/Content/MobileResources/HUD/MobileHUDButton1_off.uasset" 108
"../../../Engine/Content/MobileResources/HUD/MobileHUDButton1_on.uasset" 109
"../../../Engine/Content/MobileResources/HUD/MobileHUDButton2_off.uasset" 110
"../../../Engine/Content/MobileResources/HUD/MobileHUDButton2_on.uasset" 111
"../../../Engine/Content/MobileResources/HUD/MobileHUDButton3.uasset" 112
"../../../Engine/Content/MobileResources/HUD/MobileHUDButtonFire.uasset" 113
"../../../Engine/Content/MobileResources/HUD/MobileHUDDirectionPad.uasset" 114
"../../../Engine/Content/MobileResources/HUD/MobileHUDDirectionPad2.uasset" 115
"../../../Engine/Content/MobileResources/HUD/MobileHUDDirectionPad3.uasset" 116
"../../../Engine/Content/MobileResources/HUD/MobileHUDDirectionStick.uasset" 117
"../../../Engine/Content/MobileResources/HUD/T_Castle_ThumbstickInner.uasset" 118
"../../../Engine/Content/MobileResources/HUD/T_Castle_ThumbstickOutter.uasset" 119
"../../../Engine/Content/Tutorial/ContentIntroCurve.uasset" 120
"../../../Engine/Content/Tutorial/Basics/TutorialAssets/icon_tab_Levels_40x.uasset" 121
"../../../Engine/Content/Tutorial/BlueprintTutorials/TutorialAssets/BlueprintInterface_64x.uasset" 122
"../../../Engine/Content/Tutorial/BlueprintTutorials/TutorialAssets/BlueprintMacroLibrary_64x.uasset" 123
"../../../Engine/Content/Tutorial/BlueprintTutorials/TutorialAssets/Blueprint_64x.uasset" 124
"../../../Engine/Content/Tutorial/BlueprintTutorials/TutorialAssets/Tutorial_BP_Interface.uasset" 125
"../../../Engine/Content/Tutorial/Foliage/TutorialAssets/Foliage.uasset" 126
"../../../Engine/Content/Tutorial/Landscape/TutorialAssets/Landscape.uasset" 127
"../../../Engine/Content/Tutorial/Paper2D/TutorialAssets/Paper2DFlipbook_TutorialIcon.uasset" 128
"../../../Engine/Content/Tutorial/Paper2D/TutorialAssets/Paper2DSprite_TutorialIcon.uasset" 129
"../../../Engine/Content/Tutorial/SubEditors/TutorialAssets/icon_Editor_Preferences_General_40x.uasset" 130
"../../../Engine/Content/Tutorial/SubEditors/TutorialAssets/icon_ShowSkeletalMeshes_40x.uasset" 131
"../../../Engine/Content/Tutorial/SubEditors/TutorialAssets/TutorialMaterial.uasset" 132
"../../../Engine/Content/Tutorial/SubEditors/TutorialAssets/T_SmokeSubUV_8X8.uasset" 133
"../../../Engine/Content/Tutorial/SubEditors/TutorialAssets/T_soft_smoke.uasset" 134
"../../../Engine/Content/Tutorial/SubEditors/TutorialAssets/M_smoke_subUV_blackbody.uasset" 135
"../../../Engine/Content/Tutorial/SubEditors/TutorialAssets/TutorialParticleSystem.uasset" 136
"../../../Engine/Content/EditorMeshes/EditorCube.uasset" 137
"../../../Engine/Content/Tutorial/SubEditors/TutorialAssets/Tutorial_DM.uasset" 138
"../../../Engine/Content/VREditor/FloatingText/LineMaterial.uasset" 139
"../../../Engine/Content/VREditor/FloatingText/JointSphere.uasset" 140
"../../../Engine/Content/VREditor/FloatingText/LineSegmentCylinder.uasset" 141
"../../../Engine/Content/VREditor/Fonts/VRText_RobotoLarge.uasset" 142
"../../../Engine/Content/VREditor/Fonts/VRTextMaterial.uasset" 143
"../../../Engine/Content/VREditor/Fonts/TranslucentVRTextMaterial.uasset" 144
"../../../Engine/Content/VREditor/LaserPointer/VR_LaserPower_01.uasset" 145
"../../../Engine/Content/VREditor/LaserPointer/LaserPointerMaterial.uasset" 146
"../../../Engine/Content/VREditor/LaserPointer/LaserPointerMaterialInst.uasset" 147
"../../../Engine/Content/VREditor/LaserPointer/TranslucentLaserPointerMaterialInst.uasset" 148
"../../../Engine/Content/VREditor/LaserPointer/LaserPointerMesh.uasset" 149
"../../../Engine/Content/VREditor/Sounds/VR_grab_Cue.uasset" 150
"../../../Engine/Content/VREditor/Sounds/VR_teleport_Cue.uasset" 151
"../../../Engine/Content/VREditor/TransformGizmo/TransformGizmoMaterial.uasset" 152
"../../../Engine/Content/VREditor/TransformGizmo/TranslucentTransformGizmoMaterial.uasset" 153
"../../../Engine/Content/VREditor/TransformGizmo/BoundingBoxCorner.uasset" 154
"../../../Engine/Content/VREditor/TransformGizmo/BoundingBoxEdge.uasset" 155
"../../../Engine/Content/VREditor/TransformGizmo/PlaneTranslationHandle.uasset" 156
"../../../Engine/Content/VREditor/TransformGizmo/RotationHandle.uasset" 157
"../../../Engine/Content/VREditor/TransformGizmo/RotationHandleFull.uasset" 158
"../../../Engine/Content/VREditor/TransformGizmo/StretchingHandle.uasset" 159
"../../../Engine/Content/VREditor/TransformGizmo/TranslateHandleLong.uasset" 160
"../../../Engine/Content/VREditor/TransformGizmo/TranslationHandle.uasset" 161
"../../../Engine/Content/VREditor/TransformGizmo/UniformScaleHandle.uasset" 162
"../../../Engine/Content/VREditor/UI/CloseButtonMesh.uasset" 163
"../../../Engine/Content/VREditor/UI/SelectionBarMesh.uasset" 164
"../../../Engine/Content/Functions/Engine_MaterialFunctions01/Gradient/RadialGradient.uasset" 165
"../../../Engine/Content/VREditor/WorldMovementGrid/SimpleGrid.uasset" 166
"../../../Engine/Content/VREditor/WorldMovementGrid/GridMaterial.uasset" 167
"../../../Engine/Content/Functions/Engine_MaterialFunctions01/Density/ExponentialDensity.uasset" 168
"../../../Engine/Content/VREditor/WorldMovementGrid/GridPostProcess.uasset" 169
"../../../Engine/Content/EditorLandscapeResources/FlattenHeightMat.uasset" 170
"../../../Engine/Content/VREditor/WorldMovementGrid/PlaneMesh.uasset" 171
"../../../Trial/Content/Geometry/Meshes/CubeMaterial.uasset" 172
"../../../Trial/Content/Geometry/Meshes/1M_Cube_Chamfer.uasset" 173
"../../../Trial/Content/Geometry/Meshes/TemplateFloor.uasset" 174
"../../../Trial/Content/StarterContent/Materials/M_Basic_Wall.uasset" 175
"../../../Trial/Content/StarterContent/Architecture/Pillar_50x500.uasset" 176
"../../../Trial/Content/StarterContent/Architecture/Wall_400x300.uasset" 177
"../../../Trial/Content/StarterContent/Architecture/Wall_400x400.uasset" 178
"../../../Trial/Content/StarterContent/Architecture/Wall_500x500.uasset" 179
"../../../Trial/Content/StarterContent/Architecture/Wall_Door_400x400.uasset" 180
"../../../Trial/Content/StarterContent/Architecture/Wall_Window_400x400.uasset" 181
"../../../Trial/Content/StarterContent/Audio/Light01_Cue.uasset" 182
"../../../Trial/Content/StarterContent/Audio/Light02_Cue.uasset" 183
"../../../Trial/Content/StarterContent/Audio/Explosion_Cue.uasset" 184
"../../../Trial/Content/StarterContent/Textures/T_Burst_M.uasset" 185
"../../../Trial/Content/StarterContent/Particles/Materials/M_Burst.uasset" 186
"../../../Trial/Content/StarterContent/Textures/T_Explosion_SubUV.uasset" 187
"../../../Trial/Content/StarterContent/Particles/Materials/M_explosion_subUV.uasset" 188
"../../../Trial/Content/StarterContent/Particles/Materials/m_flare_01.uasset" 189
"../../../Trial/Content/StarterContent/Particles/Materials/M_radial_ramp.uasset" 190
"../../../Trial/Content/StarterContent/Textures/T_Smoke_SubUV.uasset" 191
"../../../Trial/Content/StarterContent/Textures/T_Smoke_Tiled_D.uasset" 192
"../../../Trial/Content/StarterContent/Particles/Materials/M_smoke_subUV.uasset" 193
"../../../Trial/Content/StarterContent/Particles/P_Explosion.uasset" 194
"../../../Trial/Content/StarterContent/Blueprints/Blueprint_Effect_Explosion.uasset" 195
"../../../Engine/Content/EditorMeshes/ColorCalibrator/T_ColorGrid.uasset" 196
"../../../Trial/Content/StarterContent/Materials/M_ColorGrid_LowSpec.uasset" 197
"../../../Trial/Content/StarterContent/Textures/T_Bush_D.uasset" 198
"../../../Trial/Content/StarterContent/Textures/T_Bush_N.uasset" 199
"../../../Trial/Content/StarterContent/Props/Materials/M_Bush.uasset" 200
"../../../Trial/Content/StarterContent/Props/SM_Bush.uasset" 201
"../../../Trial/Content/StarterContent/Textures/T_Chair_M.uasset" 202
"../../../Trial/Content/StarterContent/Textures/T_Chair_N.uasset" 203
"../../../Trial/Content/StarterContent/Props/Materials/M_Chair.uasset" 204
"../../../Trial/Content/StarterContent/Props/SM_Couch.uasset" 205
"../../../Trial/Content/StarterContent/Materials/M_Glass.uasset" 206
"../../../Trial/Content/StarterContent/Textures/T_Door_M.uasset" 207
"../../../Trial/Content/StarterContent/Textures/T_Door_N.uasset" 208
"../../../Trial/Content/StarterContent/Props/Materials/M_Door.uasset" 209
"../../../Trial/Content/StarterContent/Props/SM_Door.uasset" 210
"../../../Trial/Content/StarterContent/Props/Materials/M_MaterialSphere.uasset" 211
"../../../Trial/Content/StarterContent/Props/Materials/M_MaterialSphere_Plain.uasset" 212
"../../../Trial/Content/StarterContent/Props/SM_MatPreviewMesh_02.uasset" 213
"../../../Engine/Content/Functions/Engine_MaterialFunctions02/Utility/BlendAngleCorrectedNormals.uasset" 214
"../../../Trial/Content/StarterContent/Textures/T_Detail_Rocky_N.uasset" 215
"../../../Trial/Content/StarterContent/Textures/T_Rock_Basalt_D.uasset" 216
"../../../Trial/Content/StarterContent/Textures/T_RockMesh_M.uasset" 217
"../../../Trial/Content/StarterContent/Textures/T_RockMesh_N.uasset" 218
"../../../Trial/Content/StarterContent/Props/Materials/M_Rock.uasset" 219
"../../../Trial/Content/StarterContent/Props/SM_Rock.uasset" 220
"../../../Trial/Content/StarterContent/Textures/T_Shelf_M.uasset" 221
"../../../Trial/Content/StarterContent/Textures/T_Shelf_N.uasset" 222
"../../../Trial/Content/StarterContent/Props/Materials/M_Shelf.uasset" 223
"../../../Trial/Content/StarterContent/Props/SM_Shelf.uasset" 224
"../../../Trial/Content/StarterContent/Materials/M_Basic_Floor.uasset" 225
"../../../Trial/Content/StarterContent/Props/SM_Stairs.uasset" 226
"../../../Trial/Content/StarterContent/Shapes/Shape_Cylinder.uasset" 227
"../../../Trial/Content/StarterContent/Shapes/Shape_NarrowCapsule.uasset" 228
"../../../Trial/Content/StarterContent/Shapes/Shape_Pipe.uasset" 229
"../../../Trial/Content/StarterContent/Shapes/Shape_Pipe_180.uasset" 230
"../../../Trial/Content/StarterContent/Shapes/Shape_Pipe_90.uasset" 231
"../../../Trial/Content/StarterContent/Shapes/Shape_Plane.uasset" 232
"../../../Trial/Content/StarterContent/Shapes/Shape_Torus.uasset" 233
"../../../Trial/Content/StarterContent/Shapes/Shape_Trim.uasset" 234
"../../../Trial/Content/StarterContent/Shapes/Shape_Trim_90_In.uasset" 235
"../../../Trial/Content/StarterContent/Shapes/Shape_Trim_90_Out.uasset" 236
"../../../Trial/Content/StarterContent/Shapes/Shape_TriPyramid.uasset" 237
"../../../Trial/Content/StarterContent/Shapes/Shape_Tube.uasset" 238
"../../../Trial/Content/StarterContent/Shapes/Shape_Wedge_A.uasset" 239
"../../../Trial/Content/StarterContent/Shapes/Shape_Wedge_B.uasset" 240
"../../../Trial/Content/StarterContent/Shapes/Shape_WideCapsule.uasset" 241
"../../../Trial/Content/TrialCricket/Materials/BatPhysicsMaterial.uasset" 242
"../../../Trial/Content/TrialCricket/Models/Bat/Bat_1_Material.uasset" 243
"../../../Trial/Content/TrialCricket/Models/Bat/Bat_1.uasset" 244
"../../../Trial/Content/TrialCricket/Blueprints/Bat_1_Blueprint.uasset" 245
"../../../Trial/Content/TrialCricket/Blueprints/BPTracker.uasset" 246
"../../../Engine/Content/BasicShapes/Sphere.uasset" 247
"../../../Trial/Content/TrialCricket/Blueprints/Sphere_Blueprint.uasset" 248
"../../../Trial/Content/TrialCricket/Materials/SphereMaterial.uasset" 249
"../../../Trial/Content/TrialCricket/Materials/Textures/BatTexture.uasset" 250
"../../../Trial/Content/TrialCricket/Materials/Bat2Material.uasset" 251
"../../../Trial/Content/TrialCricket/Models/Bat/Bat_2.uasset" 252
"../../../Trial/Content/TrialCricket/Models/Stumps/Material_002.uasset" 253
"../../../Trial/Content/TrialCricket/Models/Stumps/BrokenStumps_polySurface1.uasset" 254
"../../../Trial/Content/TrialCricket/Models/Stumps/BrokenStumps_polySurface2.uasset" 255
"../../../Trial/Content/TrialCricket/Models/Stumps/BrokenStumps_polySurface5.uasset" 256
"../../../Trial/Content/TrialCricket/Models/Stumps/BrokenStumps_polySurface8.uasset" 257
"../../../Trial/Content/TrialCricket/Models/Stumps/defaultMat.uasset" 258
"../../../Trial/Content/TrialCricket/Models/Stumps/lambert1.uasset" 259
"../../../Trial/Content/TrialCricket/Models/Stumps/Stumps.uasset" 260
"../../../Trial/Content/TrialCricket/Models/Stumps/Stumps2.uasset" 261
"../../../Engine/Content/EngineMaterials/OrientParticle.uasset" 262
"../../../Engine/Content/EngineMaterials/DefaultParticle.uasset" 263
"../../../Trial/Content/TrialCricket/ParticleEffects/BallTrailRenderer.uasset" 264
"../../../Trial/Content/VirtualRealityBP/Blueprints/BP_Tracker.uasset" 265
"../../../Engine/Plugins/2D/Paper2D/Content/DummySprite.uasset" 266
"../../../Engine/Plugins/2D/Paper2D/Content/DefaultPaperTerrainMaterial.uasset" 267
"../../../Engine/Plugins/2D/Paper2D/Content/DefaultSpriteMaterial.uasset" 268
"../../../Engine/Plugins/2D/Paper2D/Content/MaskedUnlitSpriteMaterial.uasset" 269
"../../../Engine/Plugins/2D/Paper2D/Content/OpaqueUnlitSpriteMaterial.uasset" 270
"../../../Engine/Plugins/2D/Paper2D/Content/PlaceholderTextures/DummySpriteTexture.uasset" 271
"../../../Trial/Content/StarterContent/Blueprints/Assets/FogBrightnessLUT.uasset" 272
"../../../Trial/Content/StarterContent/Blueprints/Assets/SunlightColorLUT.uasset" 273
"../../../Trial/Content/StarterContent/Blueprints/Assets/M_LightStage_Arrows.uasset" 274
"../../../Engine/Content/MapTemplates/Sky/DaylightAmbientCubemap.uasset" 275
"../../../Trial/Content/StarterContent/Blueprints/Assets/M_LightStage_Skybox_Master.uasset" 276
"../../../Trial/Content/StarterContent/Blueprints/Assets/M_LightStage_Skybox_Black.uasset" 277
"../../../Trial/Content/StarterContent/Blueprints/Assets/M_LightStage_Skybox_HDRI.uasset" 278
"../../../Engine/Content/EditorMaterials/Thumbnails/SkySphereMaterial.uasset" 279
"../../../Trial/Content/StarterContent/Blueprints/Assets/Skybox.uasset" 280
"../../../Trial/Content/StarterContent/Blueprints/Assets/SM_Arrows.uasset" 281
"../../../Trial/Content/StarterContent/HDRI/HDRI_Epic_Courtyard_Daylight.uasset" 282
"../../../Trial/Content/StarterContent/Blueprints/BP_LightStudio.uasset" 283
"../../../Trial/Content/StarterContent/Maps/Advanced_Lighting_BuiltData.uasset" 284
"../../../Trial/Content/StarterContent/Materials/M_AssetPlatform.uasset" 285
"../../../Engine/Content/EditorMeshes/ColorCalibrator/M_ChromeBall.uasset" 286
"../../../Engine/Content/EditorMeshes/ColorCalibrator/M_ClearCoat.uasset" 287
"../../../Engine/Content/EditorMeshes/ColorCalibrator/M_ClearCoatBlack.uasset" 288
"../../../Engine/Content/EditorMeshes/ColorCalibrator/M_ColorGrid.uasset" 289
"../../../Engine/Content/EditorMeshes/ColorCalibrator/M_GreyBall.uasset" 290
"../../../Engine/Content/EditorMeshes/ColorCalibrator/SM_ColorCalibrator.uasset" 291
"../../../Trial/Content/StarterContent/Architecture/SM_AssetPlatform.uasset" 292
"../../../Trial/Content/StarterContent/Maps/Advanced_Lighting.umap" 293
"../../../Engine/Content/EditorBlueprintResources/StandardMacros.uasset" 294
"../../../Engine/Content/EngineSky/C_Sky_Cloud_Color.uasset" 295
"../../../Engine/Content/EngineSky/C_Sky_Horizon_Color.uasset" 296
"../../../Engine/Content/EngineSky/C_Sky_Zenith_Color.uasset" 297
"../../../Engine/Content/EngineSky/T_Sky_Blue.uasset" 298
"../../../Engine/Content/EngineSky/T_Sky_Clouds_M.uasset" 299
"../../../Engine/Content/EngineSky/T_Sky_Stars.uasset" 300
"../../../Engine/Content/EngineSky/M_Sky_Panning_Clouds2.uasset" 301
"../../../Engine/Content/EngineSky/SM_SkySphere.uasset" 302
"../../../Engine/Content/EngineSky/BP_Sky_Sphere.uasset" 303
"../../../Trial/Content/StarterContent/Maps/Minimal_Default_BuiltData.uasset" 304
"../../../Trial/Content/StarterContent/Textures/T_MacroVariation.uasset" 305
"../../../Trial/Content/StarterContent/Materials/M_Metal_Brushed_Nickel.uasset" 306
"../../../Trial/Content/StarterContent/Textures/T_Metal_Aluminum_D.uasset" 307
"../../../Trial/Content/StarterContent/Textures/T_Metal_Gold_N.uasset" 308
"../../../Trial/Content/StarterContent/Materials/M_Metal_Burnished_Steel.uasset" 309
"../../../Trial/Content/StarterContent/Textures/T_Metal_Copper_D.uasset" 310
"../../../Trial/Content/StarterContent/Materials/M_Metal_Copper.uasset" 311
"../../../Trial/Content/StarterContent/Textures/T_Statue_M.uasset" 312
"../../../Trial/Content/StarterContent/Textures/T_Statue_N.uasset" 313
"../../../Trial/Content/StarterContent/Props/Materials/M_StatueGlass.uasset" 314
"../../../Trial/Content/StarterContent/Architecture/Floor_400x400.uasset" 315
"../../../Trial/Content/StarterContent/Audio/Starter_Background_Cue.uasset" 316
"../../../Trial/Content/StarterContent/Props/SM_Chair.uasset" 317
"../../../Trial/Content/StarterContent/Props/Materials/M_Statue.uasset" 318
"../../../Trial/Content/StarterContent/Props/SM_Statue.uasset" 319
"../../../Trial/Content/StarterContent/Textures/T_TableRound_M.uasset" 320
"../../../Trial/Content/StarterContent/Textures/T_TableRound_N.uasset" 321
"../../../Trial/Content/StarterContent/Props/Materials/M_TableRound.uasset" 322
"../../../Trial/Content/StarterContent/Props/SM_TableRound.uasset" 323
"../../../Trial/Content/StarterContent/Maps/Minimal_Default.umap" 324
"../../../Trial/Content/StarterContent/Audio/Fire01_Cue.uasset" 325
"../../../Trial/Content/StarterContent/Textures/T_Fire_SubUV.uasset" 326
"../../../Trial/Content/StarterContent/Textures/T_Fire_Tiled_D.uasset" 327
"../../../Trial/Content/StarterContent/Particles/Materials/M_Fire_SubUV.uasset" 328
"../../../Trial/Content/StarterContent/Textures/T_Water_N.uasset" 329
"../../../Trial/Content/StarterContent/Particles/Materials/M_Heat_Distortion.uasset" 330
"../../../Trial/Content/StarterContent/Particles/Materials/M_Radial_Gradient.uasset" 331
"../../../Trial/Content/StarterContent/Particles/P_Fire.uasset" 332
"../../../Trial/Content/StarterContent/Blueprints/Blueprint_Effect_Fire.uasset" 333
"../../../Trial/Content/StarterContent/Audio/Smoke01_Cue.uasset" 334
"../../../Trial/Content/StarterContent/Particles/P_Smoke.uasset" 335
"../../../Trial/Content/StarterContent/Blueprints/Blueprint_Effect_Smoke.uasset" 336
"../../../Trial/Content/StarterContent/Audio/Fire_Sparks01_Cue.uasset" 337
"../../../Trial/Content/StarterContent/Textures/T_Spark_Core.uasset" 338
"../../../Trial/Content/StarterContent/Particles/Materials/M_Spark.uasset" 339
"../../../Trial/Content/StarterContent/Particles/P_Sparks.uasset" 340
"../../../Trial/Content/StarterContent/Blueprints/Blueprint_Effect_Sparks.uasset" 341
"../../../Trial/Content/StarterContent/Audio/Steam01_Cue.uasset" 342
"../../../Trial/Content/StarterContent/Particles/P_Steam_Lit.uasset" 343
"../../../Trial/Content/StarterContent/Blueprints/Blueprint_Effect_Steam.uasset" 344
"../../../Trial/Content/StarterContent/Textures/T_Lamp_M.uasset" 345
"../../../Trial/Content/StarterContent/Textures/T_Lamp_N.uasset" 346
"../../../Trial/Content/StarterContent/Props/Materials/M_Lamp.uasset" 347
"../../../Trial/Content/StarterContent/Props/SM_Lamp_Ceiling.uasset" 348
"../../../Trial/Content/StarterContent/Blueprints/Blueprint_CeilingLight.uasset" 349
"../../../Trial/Content/StarterContent/Props/SM_Lamp_Wall.uasset" 350
"../../../Trial/Content/StarterContent/Blueprints/Blueprint_WallSconce.uasset" 351
"../../../Trial/Content/StarterContent/Maps/StarterMap_BuiltData.uasset" 352
"../../../Engine/Content/Functions/Engine_MaterialFunctions03/Procedurals/ComputeFilterWidth.uasset" 353
"../../../Engine/Content/EngineMaterials/AntiAliasedTextMaterialTranslucent.uasset" 354
"../../../Trial/Content/StarterContent/Textures/T_Brick_Clay_Beveled_D.uasset" 355
"../../../Trial/Content/StarterContent/Textures/T_Brick_Clay_Beveled_M.uasset" 356
"../../../Trial/Content/StarterContent/Textures/T_Brick_Clay_Beveled_N.uasset" 357
"../../../Trial/Content/StarterContent/Materials/M_Brick_Clay_Beveled.uasset" 358
"../../../Trial/Content/StarterContent/Textures/T_Brick_Clay_New_D.uasset" 359
"../../../Trial/Content/StarterContent/Textures/T_Brick_Clay_New_M.uasset" 360
"../../../Trial/Content/StarterContent/Textures/T_Brick_Clay_New_N.uasset" 361
"../../../Trial/Content/StarterContent/Materials/M_Brick_Clay_New.uasset" 362
"../../../Trial/Content/StarterContent/Textures/T_Brick_Clay_Old_D.uasset" 363
"../../../Trial/Content/StarterContent/Textures/T_Brick_Clay_Old_N.uasset" 364
"../../../Trial/Content/StarterContent/Textures/T_Perlin_Noise_M.uasset" 365
"../../../Trial/Content/StarterContent/Materials/M_Brick_Clay_Old.uasset" 366
"../../../Trial/Content/StarterContent/Textures/T_Brick_Cut_Stone_D.uasset" 367
"../../../Trial/Content/StarterContent/Textures/T_Brick_Cut_Stone_N.uasset" 368
"../../../Trial/Content/StarterContent/Materials/M_Brick_Cut_Stone.uasset" 369
"../../../Trial/Content/StarterContent/Textures/T_Brick_Hewn_Stone_D.uasset" 370
"../../../Trial/Content/StarterContent/Textures/T_Brick_Hewn_Stone_M.uasset" 371
"../../../Trial/Content/StarterContent/Textures/T_Brick_Hewn_Stone_N.uasset" 372
"../../../Trial/Content/StarterContent/Materials/M_Brick_Hewn_Stone.uasset" 373
"../../../Trial/Content/StarterContent/Textures/T_Ceramic_Tile_M.uasset" 374
"../../../Trial/Content/StarterContent/Textures/T_Ceramic_Tile_N.uasset" 375
"../../../Trial/Content/StarterContent/Textures/T_Rock_Marble_Polished_D.uasset" 376
"../../../Trial/Content/StarterContent/Materials/M_Ceramic_Tile_Checker.uasset" 377
"../../../Trial/Content/StarterContent/Textures/T_CobbleStone_Pebble_D.uasset" 378
"../../../Trial/Content/StarterContent/Textures/T_CobbleStone_Pebble_M.uasset" 379
"../../../Trial/Content/StarterContent/Textures/T_CobbleStone_Pebble_N.uasset" 380
"../../../Trial/Content/StarterContent/Materials/M_CobbleStone_Pebble.uasset" 381
"../../../Trial/Content/StarterContent/Textures/T_CobbleStone_Rough_D.uasset" 382
"../../../Trial/Content/StarterContent/Textures/T_CobbleStone_Rough_N.uasset" 383
"../../../Trial/Content/StarterContent/Textures/T_Gradinet_01.uasset" 384
"../../../Trial/Content/StarterContent/Textures/T_Rock_Smooth_Granite_D.uasset" 385
"../../../Trial/Content/StarterContent/Materials/M_CobbleStone_Rough.uasset" 386
"../../../Trial/Content/StarterContent/Textures/T_CobbleStone_Smooth_D.uasset" 387
"../../../Trial/Content/StarterContent/Textures/T_CobbleStone_Smooth_M.uasset" 388
"../../../Trial/Content/StarterContent/Textures/T_CobbleStone_Smooth_N.uasset" 389
"../../../Trial/Content/StarterContent/Materials/M_CobbleStone_Smooth.uasset" 390
"../../../Trial/Content/StarterContent/Textures/T_Concrete_Grime_D.uasset" 391
"../../../Trial/Content/StarterContent/Textures/T_Metal_Rust_N.uasset" 392
"../../../Trial/Content/StarterContent/Materials/M_Concrete_Grime.uasset" 393
"../../../Trial/Content/StarterContent/Textures/T_Concrete_Panels_D.uasset" 394
"../../../Trial/Content/StarterContent/Textures/T_Concrete_Panels_N.uasset" 395
"../../../Trial/Content/StarterContent/Materials/M_Concrete_Panels.uasset" 396
"../../../Trial/Content/StarterContent/Textures/T_Concrete_Poured_D.uasset" 397
"../../../Trial/Content/StarterContent/Textures/T_Concrete_Poured_N.uasset" 398
"../../../Trial/Content/StarterContent/Materials/M_Concrete_Poured.uasset" 399
"../../../Trial/Content/StarterContent/Textures/T_Concrete_Tiles_D.uasset" 400
"../../../Trial/Content/StarterContent/Textures/T_Concrete_Tiles_M.uasset" 401
"../../../Trial/Content/StarterContent/Textures/T_Concrete_Tiles_N.uasset" 402
"../../../Trial/Content/StarterContent/Textures/T_Concrete_Tiles_Variation_M.uasset" 403
"../../../Trial/Content/StarterContent/Materials/M_Concrete_Tiles.uasset" 404
"../../../Trial/Content/StarterContent/Textures/T_Ground_Grass_D.uasset" 405
"../../../Trial/Content/StarterContent/Textures/T_Ground_Grass_N.uasset" 406
"../../../Trial/Content/StarterContent/Materials/M_Ground_Grass.uasset" 407
"../../../Trial/Content/StarterContent/Textures/T_Ground_Gravel_D.uasset" 408
"../../../Trial/Content/StarterContent/Textures/T_Ground_Gravel_N.uasset" 409
"../../../Trial/Content/StarterContent/Materials/M_Ground_Gravel.uasset" 410
"../../../Trial/Content/StarterContent/Textures/T_ground_Moss_D.uasset" 411
"../../../Trial/Content/StarterContent/Textures/T_Ground_Moss_N.uasset" 412
"../../../Trial/Content/StarterContent/Materials/M_Ground_Moss.uasset" 413
"../../../Trial/Content/StarterContent/Materials/M_Metal_Chrome.uasset" 414
"../../../Trial/Content/StarterContent/Textures/T_Metal_Gold_D.uasset" 415
"../../../Trial/Content/StarterContent/Materials/M_Metal_Gold.uasset" 416
"../../../Trial/Content/StarterContent/Textures/T_Metal_Rust_D.uasset" 417
"../../../Trial/Content/StarterContent/Materials/M_Metal_Rust.uasset" 418
"../../../Trial/Content/StarterContent/Textures/T_Metal_Steel_D.uasset" 419
"../../../Trial/Content/StarterContent/Textures/T_Metal_Steel_N.uasset" 420
"../../../Trial/Content/StarterContent/Materials/M_Metal_Steel.uasset" 421
"../../../Trial/Content/StarterContent/Textures/T_Rock_Basalt_N.uasset" 422
"../../../Trial/Content/StarterContent/Materials/M_Rock_Basalt.uasset" 423
"../../../Trial/Content/StarterContent/Materials/M_Rock_Marble_Polished.uasset" 424
"../../../Trial/Content/StarterContent/Textures/T_Rock_Sandstone_D.uasset" 425
"../../../Trial/Content/StarterContent/Textures/T_Rock_Sandstone_N.uasset" 426
"../../../Trial/Content/StarterContent/Materials/M_Rock_Sandstone.uasset" 427
"../../../Trial/Content/StarterContent/Textures/T_Rock_Slate_D.uasset" 428
"../../../Trial/Content/StarterContent/Textures/T_Rock_Slate_N.uasset" 429
"../../../Trial/Content/StarterContent/Materials/M_Rock_Slate.uasset" 430
"../../../Trial/Content/StarterContent/Textures/T_Checker_Noise_M.uasset" 431
"../../../Trial/Content/StarterContent/Textures/T_Single_Tile_N.uasset" 432
"../../../Trial/Content/StarterContent/Textures/T_Tech_Dot_M.uasset" 433
"../../../Trial/Content/StarterContent/Textures/T_Tech_Dot_N.uasset" 434
"../../../Trial/Content/StarterContent/Materials/M_Tech_Checker_Dot.uasset" 435
"../../../Trial/Content/StarterContent/Textures/T_Tech_Hex_Tile_M.uasset" 436
"../../../Trial/Content/StarterContent/Textures/T_Tech_Hex_Tile_N.uasset" 437
"../../../Trial/Content/StarterContent/Materials/M_Tech_Hex_Tile.uasset" 438
"../../../Trial/Content/StarterContent/Materials/M_Tech_Hex_Tile_Pulse.uasset" 439
"../../../Trial/Content/StarterContent/Textures/T_Tech_Panel_M.uasset" 440
"../../../Trial/Content/StarterContent/Textures/T_Tech_Panel_N.uasset" 441
"../../../Trial/Content/StarterContent/Materials/M_Tech_Panel.uasset" 442
"../../../Trial/Content/StarterContent/Materials/M_Water_Lake.uasset" 443
"../../../Trial/Content/StarterContent/Textures/T_Water_M.uasset" 444
"../../../Trial/Content/StarterContent/Materials/M_Water_Ocean.uasset" 445
"../../../Trial/Content/StarterContent/Textures/T_Wood_Floor_Walnut_D.uasset" 446
"../../../Trial/Content/StarterContent/Textures/T_Wood_Floor_Walnut_M.uasset" 447
"../../../Trial/Content/StarterContent/Textures/T_Wood_Floor_Walnut_N.uasset" 448
"../../../Trial/Content/StarterContent/Materials/M_Wood_Floor_Walnut_Polished.uasset" 449
"../../../Engine/Content/Functions/Engine_MaterialFunctions01/Opacity/AlphaOffset.uasset" 450
"../../../Trial/Content/StarterContent/Materials/M_Wood_Floor_Walnut_Worn.uasset" 451
"../../../Trial/Content/StarterContent/Textures/T_Wood_Oak_D.uasset" 452
"../../../Trial/Content/StarterContent/Textures/T_Wood_Oak_N.uasset" 453
"../../../Trial/Content/StarterContent/Materials/M_Wood_Oak.uasset" 454
"../../../Trial/Content/StarterContent/Textures/T_Wood_Pine_D.uasset" 455
"../../../Trial/Content/StarterContent/Textures/T_Wood_Pine_N.uasset" 456
"../../../Trial/Content/StarterContent/Materials/M_Wood_Pine.uasset" 457
"../../../Trial/Content/StarterContent/Textures/T_Wood_Walnut_D.uasset" 458
"../../../Trial/Content/StarterContent/Textures/T_Wood_Walnut_N.uasset" 459
"../../../Trial/Content/StarterContent/Materials/M_Wood_Walnut.uasset" 460
"../../../Trial/Content/StarterContent/Architecture/Wall_400x200.uasset" 461
"../../../Trial/Content/StarterContent/Architecture/Wall_Door_400x300.uasset" 462
"../../../Trial/Content/StarterContent/Architecture/Wall_Window_400x300.uasset" 463
"../../../Trial/Content/StarterContent/Audio/Collapse_Cue.uasset" 464
"../../../Trial/Content/StarterContent/Audio/Starter_Music_Cue.uasset" 465
"../../../Trial/Content/StarterContent/Textures/T_Dust_Particle_D.uasset" 466
"../../../Trial/Content/StarterContent/Particles/Materials/M_Dust_Particle.uasset" 467
"../../../Trial/Content/StarterContent/Particles/P_Ambient_Dust.uasset" 468
"../../../Trial/Content/StarterContent/Props/MaterialSphere.uasset" 469
"../../../Trial/Content/StarterContent/Textures/T_Frame_M.uasset" 470
"../../../Trial/Content/StarterContent/Textures/T_Frame_N.uasset" 471
"../../../Trial/Content/StarterContent/Props/Materials/M_Frame.uasset" 472
"../../../Trial/Content/StarterContent/Props/SM_CornerFrame.uasset" 473
"../../../Trial/Content/StarterContent/Props/SM_DoorFrame.uasset" 474
"../../../Trial/Content/StarterContent/Props/SM_GlassWindow.uasset" 475
"../../../Trial/Content/StarterContent/Props/SM_PillarFrame.uasset" 476
"../../../Trial/Content/StarterContent/Props/SM_PillarFrame300.uasset" 477
"../../../Trial/Content/StarterContent/Props/SM_WindowFrame.uasset" 478
"../../../Trial/Content/StarterContent/Shapes/Shape_Cube.uasset" 479
"../../../Trial/Content/StarterContent/Shapes/Shape_QuadPyramid.uasset" 480
"../../../Trial/Content/StarterContent/Shapes/Shape_Sphere.uasset" 481
"../../../Trial/Content/StarterContent/Maps/StarterMap.umap" 482
"../../../Trial/Content/TrialCricket/Blueprints/GameOverBP.uasset" 483
"../../../Trial/Content/TrialCricket/Blueprints/3D_Menu.uasset" 484
"../../../Trial/Content/TrialCricket/Blueprints/BowlingTypeBP.uasset" 485
"../../../Trial/Content/TrialCricket/Blueprints/BowlingType.uasset" 486
"../../../Trial/Content/TrialCricket/Materials/BallPhysicsMaterial.uasset" 487
"../../../Trial/Content/TrialCricket/Materials/Textures/Ball_Texture.uasset" 488
"../../../Trial/Content/TrialCricket/Materials/BallMaterial.uasset" 489
"../../../Trial/Content/TrialCricket/Blueprints/SeamBall_Blueprint.uasset" 490
"../../../Trial/Content/TrialCricket/Blueprints/SpinBall_Blueprint.uasset" 491
"../../../Trial/Content/TrialCricket/Blueprints/SwingBall_Blueprint.uasset" 492
"../../../Engine/Content/BasicShapes/BasicShapeMaterial.uasset" 493
"../../../Engine/Content/BasicShapes/Cylinder.uasset" 494
"../../../Trial/Content/TrialCricket/Blueprints/Fielder.uasset" 495
"../../../Trial/Content/TrialCricket/Blueprints/RunsBP.uasset" 496
"../../../Trial/Content/TrialCricket/Blueprints/Runs_3DMenu.uasset" 497
"../../../Trial/Content/TrialCricket/Blueprints/ScoreBP.uasset" 498
"../../../Trial/Content/TrialCricket/Blueprints/ScoreMenu.uasset" 499
"../../../Trial/Content/VirtualRealityBP/Blueprints/PickupActorInterface.uasset" 500
"../../../Trial/Content/TrialCricket/Materials/PitchPhysicsMaterial.uasset" 501
"../../../Trial/Content/VirtualReality/Materials/M_BaseMaterial.uasset" 502
"../../../Trial/Content/VirtualReality/Materials/MI_SmallCubes.uasset" 503
"../../../Trial/Content/Geometry/Meshes/1M_Cube.uasset" 504
"../../../Trial/Content/VirtualRealityBP/Blueprints/BP_PickupCube.uasset" 505
"../../../Trial/Content/VirtualReality/Mannequin/Character/Mesh/MannequinHand_Right_Skeleton.uasset" 506
"../../../Trial/Content/VirtualReality/Mannequin/Animations/MannequinHand_Right_CanGrab.uasset" 507
"../../../Trial/Content/VirtualReality/Mannequin/Animations/MannequinHand_Right_Grab.uasset" 508
"../../../Trial/Content/VirtualReality/Mannequin/Animations/MannequinHand_Right_Open.uasset" 509
"../../../Trial/Content/VirtualReality/Mannequin/Animations/RightGrip_BS.uasset" 510
"../../../Trial/Content/VirtualRealityBP/Blueprints/GripEnum.uasset" 511
"../../../Trial/Content/VirtualReality/Mannequin/Animations/RightHand_AnimBP.uasset" 512
"../../../Engine/Content/Functions/Engine_MaterialFunctions01/Texturing/ScaleUVsByCenter.uasset" 513
"../../../Engine/Content/Functions/Engine_MaterialFunctions02/ScreenResolution.uasset" 514
"../../../Engine/Content/Functions/Engine_MaterialFunctions02/Texturing/ScreenAlignedUVs.uasset" 515
"../../../Engine/Content/Functions/Engine_MaterialFunctions02/Utility/CameraDirectionVector.uasset" 516
"../../../Engine/Content/Functions/Engine_MaterialFunctions02/Utility/DepthFromWorldPosition.uasset" 517
"../../../Trial/Content/VirtualReality/Materials/MF_OccludedPixels.uasset" 518
"../../../Trial/Content/VirtualReality/Materials/TeleportMCP.uasset" 519
"../../../Engine/Content/EngineMaterials/Good64x64TilingNoiseHighFreq.uasset" 520
"../../../Trial/Content/VirtualReality/Materials/M_ArcEndpoint.uasset" 521
"../../../Trial/Content/VirtualReality/Materials/M_SplineArcMat.uasset" 522
"../../../Trial/Content/VirtualReality/Materials/M_TeleportPreviews.uasset" 523
"../../../Trial/Content/VirtualReality/Materials/MI_ChaperoneOutline.uasset" 524
"../../../Trial/Content/VirtualReality/Materials/MI_TeleportCylinderPreview.uasset" 525
"../../../Trial/Content/VirtualReality/Mannequin/Character/Textures/UE4_Mannequin__normals.uasset" 526
"../../../Trial/Content/VirtualReality/Mannequin/Character/Textures/UE4_Mannequin_MAT_MASKA.uasset" 527
"../../../Trial/Content/VirtualReality/Mannequin/Character/Materials/M_HandMat.uasset" 528
"../../../Trial/Content/VirtualReality/Mannequin/Character/Mesh/MannequinHand_Right_PhysicsAsset.uasset" 529
"../../../Trial/Content/VirtualReality/Mannequin/Character/Mesh/MannequinHand_Right.uasset" 530
"../../../Trial/Content/VirtualReality/Meshes/1x1_cube.uasset" 531
"../../../Trial/Content/VirtualReality/Meshes/BeaconDirection.uasset" 532
"../../../Trial/Content/VirtualReality/Meshes/BeamMesh.uasset" 533
"../../../Trial/Content/VirtualReality/Meshes/SM_FatCylinder.uasset" 534
"../../../Trial/Content/VirtualRealityBP/Blueprints/BP_MotionController.uasset" 535
"../../../Trial/Content/StarterContent/Shapes/Shape_Cone.uasset" 536
"../../../Trial/Content/TrialCricket/Models/Bat/BatModelBaseTexture.uasset" 537
"../../../Trial/Content/TrialCricket/Models/Bat/BatModelBaseMaterial.uasset" 538
"../../../Trial/Content/TrialCricket/Models/Bat/BatModelGripTexture.uasset" 539
"../../../Trial/Content/TrialCricket/Models/Bat/BatModelGripMaterial.uasset" 540
"../../../Trial/Content/TrialCricket/Models/Bat/BatModelHandleMaterial.uasset" 541
"../../../Trial/Content/TrialCricket/Models/Bat/BatModel.uasset" 542
"../../../Trial/Content/VirtualRealityBP/Blueprints/MotionControllerPawn.uasset" 543
"../../../Trial/Content/TrialCricket/Level/TrialCricketlevel_BuiltData.uasset" 544
"../../../Trial/Content/TrialCricket/Materials/WhiteLines2.uasset" 545
"../../../Trial/Content/TrialCricket/Materials/Crease.uasset" 546
"../../../Trial/Content/TrialCricket/Materials/GrassPhysicsMaterial.uasset" 547
"../../../Trial/Content/TrialCricket/Materials/Textures/GrassTexture.uasset" 548
"../../../Trial/Content/TrialCricket/Materials/Textures/PitchTexture.uasset" 549
"../../../Trial/Content/TrialCricket/Materials/GrassMaterial.uasset" 550
"../../../Trial/Content/TrialCricket/Materials/PitchMaterial.uasset" 551
"../../../Engine/Content/BasicShapes/Cube.uasset" 552
"../../../Trial/Content/TrialCricket/Models/EditedStumps/stump_wood.uasset" 553
"../../../Trial/Content/TrialCricket/Models/EditedStumps/lambert2.uasset" 554
"../../../Trial/Content/TrialCricket/Models/EditedStumps/BrokenStumps.uasset" 555
"../../../Trial/Content/TrialCricket/Models/EditedStumps/Stumps.uasset" 556
"../../../Trial/Content/TrialCricket/Level/TrialCricketlevel.umap" 557
"../../../Trial/Content/VirtualRealityBP/Blueprints/HMDLocomotionPawn.uasset" 558
"../../../Trial/Content/VirtualRealityBP/Maps/HMDLocomotionMap_BuiltData.uasset" 559
"../../../Trial/Content/VirtualRealityBP/Maps/HMDLocomotionMap.umap" 560
"../../../Trial/Content/VirtualRealityBP/Maps/MotionControllerMap_BuiltData.uasset" 561
"../../../Trial/Content/VirtualRealityBP/Maps/MotionControllerMap.umap" 562
"../../../Trial/Content/VirtualRealityBP/Maps/StartupMap_BuiltData.uasset" 563
"../../../Engine/Content/VREditor/Devices/Generic/GenericHMDMaterial.uasset" 564
"../../../Engine/Content/VREditor/Devices/Generic/GenericHMD.uasset" 565
"../../../Trial/Content/VirtualRealityBP/Maps/StartupMap.umap" 566
"../../../Engine/Content/Maps/Entry.umap" 567
